Experiment: amplification_pos_2812_final
Run dir: runs/amplification_pos_2812_final/20260303_101459
Loading model...
Loading positions...
Generating games:   0%|          | 0/3 [00:00<?, ?it/s]Game 1, Move 1
Game 1, Move 2
Game 1, Move 3
Game 1, Move 4
Game 1, Move 5
Game 1, Move 6
Game 1, Move 7
Game 1, Move 8
Game 1, Move 9
Game 1, Move 10
Game 1, Move 11
Game 1, Move 12
Game 1, Move 13
Game 1, Move 14
Game 1, Move 15
Game 1, Move 16
Game 1, Move 17
Game 1, Move 18
Game 1, Move 19
Game 1, Move 20
Game 1, Move 21
Game 1, Move 22
Game 1, Move 23
Game 1, Move 24
Game 1, Move 25
Game 1, Move 26
Game 1, Move 27
Game 1, Move 28
Game 1, Move 29
Game 1, Move 30
Game 1, Move 31
Game 1, Move 32
Game 1, Move 33
Game 1, Move 34
Game 1, Move 35
Game 1, Move 36
Game 1, Move 37
Game 1, Move 38
Game 1, Move 39
Game 1, Move 40
Game 1, Move 41
Game 1, Move 42
Game 1, Move 43
Game 1, Move 44
Game 1, Move 45
Game 1, Move 46
Game 1, Move 47
Game 1, Move 48
Game 1, Move 49
Game 1, Move 50
Game 1, Move 51
Game 1, Move 52
Game 1, Move 53
Game 1, Move 54
Game 1, Move 55
Game 1, Move 56
Game 1, Move 57
Game 1, Move 58
Game 1, Move 59
Game 1, Move 60
Generating games:  33%|███▎      | 1/3 [00:04<00:09,  4.65s/it]Game 2, Move 1
Game 2, Move 2
Game 2, Move 3
Game 2, Move 4
Game 2, Move 5
Game 2, Move 6
Game 2, Move 7
Game 2, Move 8
Game 2, Move 9
Game 2, Move 10
Game 2, Move 11
Game 2, Move 12
Game 2, Move 13
Game 2, Move 14
Game 2, Move 15
Game 2, Move 16
Game 2, Move 17
Game 2, Move 18
Game 2, Move 19
Game 2, Move 20
Game 2, Move 21
Game 2, Move 22
Game 2, Move 23
Game 2, Move 24
Game 2, Move 25
Game 2, Move 26
Game 2, Move 27
Game 2, Move 28
Game 2, Move 29
Game 2, Move 30
Game 2, Move 31
Game 2, Move 32
Game 2, Move 33
Game 2, Move 34
Game 2, Move 35
Game 2, Move 36
Game 2, Move 37
Game 2, Move 38
Game 2, Move 39
Game 2, Move 40
Game 2, Move 41
Game 2, Move 42
Game 2, Move 43
Game 2, Move 44
Game 2, Move 45
Game 2, Move 46
Game 2, Move 47
Game 2, Move 48
Game 2, Move 49
Game 2, Move 50
Game 2, Move 51
Game 2, Move 52
Game 2, Move 53
Game 2, Move 54
Game 2, Move 55
Game 2, Move 56
Game 2, Move 57
Game 2, Move 58
Game 2, Move 59
Game 2, Move 60
Game 2, Move 61
Generating games:  67%|██████▋   | 2/3 [00:09<00:04,  4.60s/it]Game 3, Move 1
Game 3, Move 2
Game 3, Move 3
Game 3, Move 4
Game 3, Move 5
Game 3, Move 6
Game 3, Move 7
Game 3, Move 8
Game 3, Move 9
Game 3, Move 10
Game 3, Move 11
Game 3, Move 12
Game 3, Move 13
Game 3, Move 14
Game 3, Move 15
Game 3, Move 16
Game 3, Move 17
Game 3, Move 18
Game 3, Move 19
Game 3, Move 20
Game 3, Move 21
Game 3, Move 22
Game 3, Move 23
Game 3, Move 24
Game 3, Move 25
Game 3, Move 26
Game 3, Move 27
Game 3, Move 28
Game 3, Move 29
Game 3, Move 30
Game 3, Move 31
Game 3, Move 32
Game 3, Move 33
Game 3, Move 34
Game 3, Move 35
Game 3, Move 36
Game 3, Move 37
Game 3, Move 38
Game 3, Move 39
Game 3, Move 40
Game 3, Move 41
Game 3, Move 42
Game 3, Move 43
Game 3, Move 44
Game 3, Move 45
Game 3, Move 46
Game 3, Move 47
Game 3, Move 48
Game 3, Move 49
Game 3, Move 50
Game 3, Move 51
Game 3, Move 52
Game 3, Move 53
Game 3, Move 54
Game 3, Move 55
Game 3, Move 56
Game 3, Move 57
Game 3, Move 58
Game 3, Move 59
Game 3, Move 60
Generating games: 100%|██████████| 3/3 [00:13<00:00,  4.58s/it]Generating games: 100%|██████████| 3/3 [00:13<00:00,  4.59s/it]
Model play: collected 181 positions from 3 games
Loading evaluation dataset...
Positions: 50
Loading concept vectors...
Running concept: pos_2812_basic_vector (layer bn2)
Running concept: pos_2812_teachable (layer bn2)
Done.
